<?xml version="1.0" encoding="UTF-8"?>
<testsuite xmlns:xsi="http://www.w3.org/2001/XMLSchema-instance" xsi:noNamespaceSchemaLocation="https://maven.apache.org/surefire/maven-surefire-plugin/xsd/surefire-test-report-3.0.xsd" version="3.0" name="com.study.order.OrderServiceTest" time="1.293" tests="5" errors="0" skipped="0" failures="0">
  <properties>
[...]
</properties>
  <testcase name="getOrder_notFound_shouldThrowException" classname="com.study.order.OrderServiceTest" time="1.189"/>
  <testcase name="createOrder_shouldSaveAndSendMessages" classname="com.study.order.OrderServiceTest" time="0.036">
    <system-out><![CDATA[02:54:09.933 [main] INFO com.study.order.service.OrderService -- 订单创建成功，已发送 4 种消息模式 | 订单号: ORD20240101001
]]></system-out>
  </testcase>
  <testcase name="createOrderWithTtl_shouldSendTtlMessage" classname="com.study.order.OrderServiceTest" time="0.008">
    <system-out><![CDATA[02:54:09.956 [main] INFO com.study.order.service.OrderService -- 创建 TTL 订单（5秒后消息过期进入死信队列）| 订单号: ORD20240101001
]]></system-out>
  </testcase>
  <testcase name="payOrder_shouldUpdateStatusAndSendNotification" classname="com.study.order.OrderServiceTest" time="0.01">
    <system-out><![CDATA[02:54:09.967 [main] INFO com.study.order.service.OrderService -- 订单已支付 | 订单号: ORD20240101001
]]></system-out>
  </testcase>
  <testcase name="cancelOrder_shouldUpdateStatusAndSendNotification" classname="com.study.order.OrderServiceTest" time="0.007">
    <system-out><![CDATA[02:54:09.977 [main] INFO com.study.order.service.OrderService -- 订单已取消 | 订单号: ORD20240101001
]]></system-out>
  </testcase>
</testsuite>