<?xml version="1.0" encoding="UTF-8"?>
<testsuite xmlns:xsi="http://www.w3.org/2001/XMLSchema-instance" xsi:noNamespaceSchemaLocation="https://maven.apache.org/surefire/maven-surefire-plugin/xsd/surefire-test-report-3.0.xsd" version="3.0" name="com.study.mcp.McpToolServiceTest" time="0.905" tests="8" errors="0" skipped="0" failures="0">
  <properties>
[...]
</properties>
  <testcase name="callTool_unknownTool_shouldReturnUnknownMessage" classname="com.study.mcp.McpToolServiceTest" time="0.825">
    <system-out><![CDATA[02:54:12.964 [main] INFO com.study.mcp.service.McpToolService -- [MCP] 工具调用: unknown_tool | 参数: null
]]></system-out>
  </testcase>
  <testcase name="callTool_getRabbitMQGuide_noTopic_shouldReturnOverview" classname="com.study.mcp.McpToolServiceTest" time="0.005">
    <system-out><![CDATA[02:54:13.022 [main] INFO com.study.mcp.service.McpToolService -- [MCP] 工具调用: get_rabbitmq_guide | 参数: {}
]]></system-out>
  </testcase>
  <testcase name="getResources_shouldReturnAllResources" classname="com.study.mcp.McpToolServiceTest" time="0.009"/>
  <testcase name="callTool_listOrders_shouldReturnOrders" classname="com.study.mcp.McpToolServiceTest" time="0.006">
    <system-out><![CDATA[02:54:13.037 [main] INFO com.study.mcp.service.McpToolService -- [MCP] 工具调用: list_orders | 参数: null
]]></system-out>
  </testcase>
  <testcase name="callTool_createOrder_shouldCreateOrder" classname="com.study.mcp.McpToolServiceTest" time="0.006">
    <system-out><![CDATA[02:54:13.045 [main] INFO com.study.mcp.service.McpToolService -- [MCP] 工具调用: create_order | 参数: {username=测试用户, quantity=1, productName=MCP测试商品, amount=99.0}
]]></system-out>
  </testcase>
  <testcase name="callTool_getOrder_shouldReturnOrder" classname="com.study.mcp.McpToolServiceTest" time="0.006">
    <system-out><![CDATA[02:54:13.057 [main] INFO com.study.mcp.service.McpToolService -- [MCP] 工具调用: get_order | 参数: {orderId=1}
]]></system-out>
  </testcase>
  <testcase name="callTool_getRabbitMQGuide_exchangeTopic" classname="com.study.mcp.McpToolServiceTest" time="0.005">
    <system-out><![CDATA[02:54:13.066 [main] INFO com.study.mcp.service.McpToolService -- [MCP] 工具调用: get_rabbitmq_guide | 参数: {topic=exchange}
]]></system-out>
  </testcase>
  <testcase name="getTools_shouldReturnAllTools" classname="com.study.mcp.McpToolServiceTest" time="0.007"/>
</testsuite>